-------------------------------------------------------------------------------
Test set: ru.pstu.itse17.courses.BlaBlaCargoApplicationTests
-------------------------------------------------------------------------------
Tests run: 1, Failures: 0, Errors: 1, Skipped: 0, Time elapsed: 0.394 s <<< FAILURE! - in ru.pstu.itse17.courses.BlaBlaCargoApplicationTests
initializationError(ru.pstu.itse17.courses.BlaBlaCargoApplicationTests)  Time elapsed: 0.009 s  <<< ERROR!
java.lang.IllegalStateException: Unable to find a @SpringBootConfiguration, you need to use @ContextConfiguration or @SpringBootTest(classes=...) with your test

